<?xml version="1.0" encoding="UTF-8"?>
<testng-results skipped="0" failed="1" ignored="0" total="4" passed="3">
  <reporter-output>
  </reporter-output>
  <suite name="Suite" duration-ms="132561" started-at="2020-07-06T20:06:35 IST" finished-at="2020-07-06T20:08:48 IST">
    <groups>
    </groups>
    <test name="LoginPage" duration-ms="89278" started-at="2020-07-06T20:06:35 IST" finished-at="2020-07-06T20:08:05 IST">
      <class name="testcases.LoginTestCases">
        <test-method status="PASS" signature="setUp()[pri:0, instance:testcases.LoginTestCases@4802796d]" name="setUp" is-config="true" duration-ms="73139" started-at="2020-07-06T20:06:35 IST" finished-at="2020-07-06T20:07:49 IST">
          <reporter-output>
          </reporter-output>
        </test-method> <!-- setUp -->
        <test-method status="PASS" signature="login(java.lang.String, java.lang.String)[pri:0, instance:testcases.LoginTestCases@4802796d]" name="login" duration-ms="4617" started-at="2020-07-06T20:07:59 IST" data-provider="getLoginestData" finished-at="2020-07-06T20:08:04 IST">
          <params>
            <param index="0">
              <value>
                <![CDATA[user1234@gmail.com]]>
              </value>
            </param>
            <param index="1">
              <value>
                <![CDATA[user]]>
              </value>
            </param>
          </params>
          <reporter-output>
          </reporter-output>
        </test-method> <!-- login -->
        <test-method status="PASS" signature="loginPageTitleTest()[pri:1, instance:testcases.LoginTestCases@4802796d]" name="loginPageTitleTest" duration-ms="9" started-at="2020-07-06T20:08:04 IST" finished-at="2020-07-06T20:08:04 IST">
          <reporter-output>
          </reporter-output>
        </test-method> <!-- loginPageTitleTest -->
        <test-method status="PASS" signature="tearDown()[pri:0, instance:testcases.LoginTestCases@4802796d]" name="tearDown" is-config="true" duration-ms="689" started-at="2020-07-06T20:08:04 IST" finished-at="2020-07-06T20:08:05 IST">
          <reporter-output>
          </reporter-output>
        </test-method> <!-- tearDown -->
      </class> <!-- testcases.LoginTestCases -->
    </test> <!-- LoginPage -->
    <test name="Homepage" duration-ms="13884" started-at="2020-07-06T20:08:05 IST" finished-at="2020-07-06T20:08:19 IST">
      <class name="testcases.HomePageTestCases">
        <test-method status="PASS" signature="setUp()[pri:0, instance:testcases.HomePageTestCases@6c6cb480]" name="setUp" is-config="true" duration-ms="12383" started-at="2020-07-06T20:08:05 IST" finished-at="2020-07-06T20:08:18 IST">
          <reporter-output>
          </reporter-output>
        </test-method> <!-- setUp -->
        <test-method status="PASS" signature="validatePageOpen()[pri:0, instance:testcases.HomePageTestCases@6c6cb480]" name="validatePageOpen" duration-ms="140" started-at="2020-07-06T20:08:18 IST" finished-at="2020-07-06T20:08:18 IST">
          <reporter-output>
          </reporter-output>
        </test-method> <!-- validatePageOpen -->
        <test-method status="PASS" signature="tearDown()[pri:0, instance:testcases.HomePageTestCases@6c6cb480]" name="tearDown" is-config="true" duration-ms="1357" started-at="2020-07-06T20:08:18 IST" finished-at="2020-07-06T20:08:19 IST">
          <reporter-output>
          </reporter-output>
        </test-method> <!-- tearDown -->
      </class> <!-- testcases.HomePageTestCases -->
    </test> <!-- Homepage -->
    <test name="registeration" duration-ms="28831" started-at="2020-07-06T20:08:19 IST" finished-at="2020-07-06T20:08:48 IST">
      <class name="testcases.RegisterTestCases">
        <test-method status="PASS" signature="setUp()[pri:0, instance:testcases.RegisterTestCases@45752059]" name="setUp" is-config="true" duration-ms="11504" started-at="2020-07-06T20:08:19 IST" finished-at="2020-07-06T20:08:31 IST">
          <reporter-output>
          </reporter-output>
        </test-method> <!-- setUp -->
        <test-method status="FAIL" signature="createAccount(java.lang.String, java.lang.String, java.lang.String, java.lang.String, java.lang.String, java.lang.String, java.lang.String, java.lang.String, java.lang.String, java.lang.String)[pri:0, instance:testcases.RegisterTestCases@45752059]" name="createAccount" duration-ms="14789" started-at="2020-07-06T20:08:31 IST" data-provider="getLoginestData" finished-at="2020-07-06T20:08:46 IST">
          <params>
            <param index="0">
              <value>
                <![CDATA[userfitst]]>
              </value>
            </param>
            <param index="1">
              <value>
                <![CDATA[userlast]]>
              </value>
            </param>
            <param index="2">
              <value>
                <![CDATA[user]]>
              </value>
            </param>
            <param index="3">
              <value>
                <![CDATA[555-1234]]>
              </value>
            </param>
            <param index="4">
              <value>
                <![CDATA[43 Franklin Lane Everett, MA 02149]]>
              </value>
            </param>
            <param index="5">
              <value>
                <![CDATA[Everett]]>
              </value>
            </param>
            <param index="6">
              <value>
                <![CDATA[United States]]>
              </value>
            </param>
            <param index="7">
              <value>
                <![CDATA[Massachusetts]]>
              </value>
            </param>
            <param index="8">
              <value>
                <![CDATA[useriyt]]>
              </value>
            </param>
            <param index="9">
              <value>
                <![CDATA[useriyt]]>
              </value>
            </param>
          </params>
          <exception class="java.lang.AssertionError">
            <message>
              <![CDATA[expected [Your Account Has Been Created] but found [Your Account Has Been Created!]]]>
            </message>
            <full-stacktrace>
              <![CDATA[java.lang.AssertionError: expected [Your Account Has Been Created] but found [Your Account Has Been Created!]
at org.testng.Assert.fail(Assert.java:97)
at org.testng.Assert.assertEqualsImpl(Assert.java:136)
at org.testng.Assert.assertEquals(Assert.java:118)
at org.testng.Assert.assertEquals(Assert.java:575)
at org.testng.Assert.assertEquals(Assert.java:585)
at testcases.RegisterTestCases.createAccount(RegisterTestCases.java:55)
at sun.reflect.NativeMethodAccessorImpl.invoke0(Native Method)
at sun.reflect.NativeMethodAccessorImpl.invoke(NativeMethodAccessorImpl.java:62)
at sun.reflect.DelegatingMethodAccessorImpl.invoke(DelegatingMethodAccessorImpl.java:43)
at java.lang.reflect.Method.invoke(Method.java:498)
at org.testng.internal.MethodInvocationHelper.invokeMethod(MethodInvocationHelper.java:134)
at org.testng.internal.TestInvoker.invokeMethod(TestInvoker.java:597)
at org.testng.internal.TestInvoker.invokeTestMethod(TestInvoker.java:173)
at org.testng.internal.MethodRunner.runInSequence(MethodRunner.java:46)
at org.testng.internal.TestInvoker$MethodInvocationAgent.invoke(TestInvoker.java:816)
at org.testng.internal.TestInvoker.invokeTestMethods(TestInvoker.java:146)
at org.testng.internal.TestMethodWorker.invokeTestMethods(TestMethodWorker.java:146)
at org.testng.internal.TestMethodWorker.run(TestMethodWorker.java:128)
at java.util.ArrayList.forEach(ArrayList.java:1257)
at org.testng.TestRunner.privateRun(TestRunner.java:766)
at org.testng.TestRunner.run(TestRunner.java:587)
at org.testng.SuiteRunner.runTest(SuiteRunner.java:384)
at org.testng.SuiteRunner.runSequentially(SuiteRunner.java:378)
at org.testng.SuiteRunner.privateRun(SuiteRunner.java:337)
at org.testng.SuiteRunner.run(SuiteRunner.java:286)
at org.testng.SuiteRunnerWorker.runSuite(SuiteRunnerWorker.java:53)
at org.testng.SuiteRunnerWorker.run(SuiteRunnerWorker.java:96)
at org.testng.TestNG.runSuitesSequentially(TestNG.java:1187)
at org.testng.TestNG.runSuitesLocally(TestNG.java:1109)
at org.testng.TestNG.runSuites(TestNG.java:1039)
at org.testng.TestNG.run(TestNG.java:1007)
at org.apache.maven.surefire.testng.TestNGExecutor.run(TestNGExecutor.java:284)
at org.apache.maven.surefire.testng.TestNGXmlTestSuite.execute(TestNGXmlTestSuite.java:75)
at org.apache.maven.surefire.testng.TestNGProvider.invoke(TestNGProvider.java:119)
at org.apache.maven.surefire.booter.ForkedBooter.runSuitesInProcess(ForkedBooter.java:428)
at org.apache.maven.surefire.booter.ForkedBooter.execute(ForkedBooter.java:162)
at org.apache.maven.surefire.booter.ForkedBooter.run(ForkedBooter.java:562)
at org.apache.maven.surefire.booter.ForkedBooter.main(ForkedBooter.java:548)
]]>
            </full-stacktrace>
          </exception> <!-- java.lang.AssertionError -->
          <reporter-output>
          </reporter-output>
        </test-method> <!-- createAccount -->
        <test-method status="PASS" signature="tearDown()[pri:0, instance:testcases.RegisterTestCases@45752059]" name="tearDown" is-config="true" duration-ms="2264" started-at="2020-07-06T20:08:46 IST" finished-at="2020-07-06T20:08:48 IST">
          <reporter-output>
          </reporter-output>
        </test-method> <!-- tearDown -->
      </class> <!-- testcases.RegisterTestCases -->
    </test> <!-- registeration -->
  </suite> <!-- Suite -->
</testng-results>
